<?xml version="1.0" encoding="UTF-8"?>
<testng-results ignored="0" total="2" passed="2" failed="0" skipped="0">
  <reporter-output>
  </reporter-output>
  <suite started-at="2023-12-01T23:00:44 IST" name="Suite" finished-at="2023-12-01T23:00:59 IST" duration-ms="15347">
    <groups>
    </groups>
    <test started-at="2023-12-01T23:00:44 IST" name="Test" finished-at="2023-12-01T23:00:59 IST" duration-ms="15347">
      <class name="com.demoblaze.tests.SignupWebTest">
        <test-method signature="SignupWithValidCredentials()[pri:0, instance:com.demoblaze.tests.SignupWebTest@2d901eb0]" started-at="2023-12-01T23:00:44 IST" name="SignupWithValidCredentials" finished-at="2023-12-01T23:00:51 IST" duration-ms="7404" status="PASS">
          <reporter-output>
          </reporter-output>
        </test-method> <!-- SignupWithValidCredentials -->
      </class> <!-- com.demoblaze.tests.SignupWebTest -->
      <class name="com.demoblaze.utils.Reports">
        <test-method is-config="true" signature="startReport()[pri:0, instance:com.demoblaze.utils.Reports@4be29ed9]" started-at="2023-12-01T23:00:43 IST" name="startReport" finished-at="2023-12-01T23:00:44 IST" duration-ms="380" status="PASS">
          <reporter-output>
          </reporter-output>
        </test-method> <!-- startReport -->
        <test-method is-config="true" signature="endReport()[pri:0, instance:com.demoblaze.utils.Reports@4be29ed9]" started-at="2023-12-01T23:00:59 IST" name="endReport" finished-at="2023-12-01T23:01:00 IST" duration-ms="1080" status="PASS">
          <reporter-output>
          </reporter-output>
        </test-method> <!-- endReport -->
      </class> <!-- com.demoblaze.utils.Reports -->
      <class name="com.demoblaze.tests.LoginWebTest">
        <test-method signature="loginWithValidCredentials()[pri:0, instance:com.demoblaze.tests.LoginWebTest@3ba987b8]" started-at="2023-12-01T23:00:51 IST" name="loginWithValidCredentials" finished-at="2023-12-01T23:00:59 IST" duration-ms="7905" status="PASS">
          <reporter-output>
          </reporter-output>
        </test-method> <!-- loginWithValidCredentials -->
      </class> <!-- com.demoblaze.tests.LoginWebTest -->
    </test> <!-- Test -->
  </suite> <!-- Suite -->
</testng-results>
